  Application.cpp
C:\Users\w019134i\Documents\GitHub\PeboEngine\DX11 Framework 2018 Uni\Application.cpp(219): warning C4316: 'cube': object allocated on the heap may not be aligned 16
C:\Users\w019134i\Documents\GitHub\PeboEngine\DX11 Framework 2018 Uni\Application.cpp(220): warning C4316: 'cube': object allocated on the heap may not be aligned 16
C:\Users\w019134i\Documents\GitHub\PeboEngine\DX11 Framework 2018 Uni\Application.cpp(221): warning C4316: 'sphere': object allocated on the heap may not be aligned 16
C:\Users\w019134i\Documents\GitHub\PeboEngine\DX11 Framework 2018 Uni\Application.cpp(222): warning C4316: 'customModel': object allocated on the heap may not be aligned 16
  Cam.cpp
  cameraManager.cpp
  firstPersonCamera.cpp
  GameTimer.cpp
  lightingManager.cpp
  LookAtCam.cpp
  cube.cpp
  customModel.cpp
  cylinder.cpp
  DDSTextureLoader.cpp
  directionalLight.cpp
  DX11 Framework.cpp
  Light.cpp
  debugCamera.cpp
  Mesh.cpp
  OBJLoader.cpp
  saveToFileManager.cpp
  sphere.cpp
  pointLight.cpp
  Generating Code...
  Compiling...
  spotLight.cpp
  staticCamera.cpp
  staticGeneratedCamera.cpp
  torus.cpp
  UtlilityClass.cpp
  Generating Code...
Application.obj : warning LNK4075: ignoring '/EDITANDCONTINUE' due to '/SAFESEH' specification
  DX11 Framework.vcxproj -> C:\Users\w019134i\Documents\GitHub\PeboEngine\DX11 Framework 2018 Uni\Debug\DX11 Framework.exe
