d:\local git\pandaengine\engine\debug\vc142.pdb
d:\local git\pandaengine\engine\debug\vc142.idb
d:\local git\pandaengine\engine\debug\imgui_draw.obj
d:\local git\pandaengine\engine\debug\imgui.obj
d:\local git\pandaengine\engine\debug\directionallight.obj
d:\local git\pandaengine\engine\debug\ddstextureloader.obj
d:\local git\pandaengine\engine\debug\cylinder.obj
d:\local git\pandaengine\engine\debug\custommodel.obj
d:\local git\pandaengine\engine\debug\cube.obj
d:\local git\pandaengine\engine\debug\lookatcam.obj
d:\local git\pandaengine\engine\debug\lightingmanager.obj
d:\local git\pandaengine\engine\debug\inputmanager.obj
d:\local git\pandaengine\engine\debug\gametimer.obj
d:\local git\pandaengine\engine\debug\gameobject.obj
d:\local git\pandaengine\engine\debug\forcegenerator.obj
d:\local git\pandaengine\engine\debug\firstpersoncamera.obj
d:\local git\pandaengine\engine\debug\engine.obj
d:\local git\pandaengine\engine\debug\debug.obj
d:\local git\pandaengine\engine\debug\collision.obj
d:\local git\pandaengine\engine\debug\cameramanager.obj
d:\local git\pandaengine\engine\debug\cam.obj
d:\local git\pandaengine\engine\debug\application.obj
d:\local git\pandaengine\engine\debug\staticgeneratedcamera.obj
d:\local git\pandaengine\engine\debug\staticcamera.obj
d:\local git\pandaengine\engine\debug\spotlight.obj
d:\local git\pandaengine\engine\debug\spherecollider.obj
d:\local git\pandaengine\engine\debug\pointlight.obj
d:\local git\pandaengine\engine\debug\sphere.obj
d:\local git\pandaengine\engine\debug\savetofilemanager.obj
d:\local git\pandaengine\engine\debug\rotator.obj
d:\local git\pandaengine\engine\debug\rigidbody.obj
d:\local git\pandaengine\engine\debug\renderer.obj
d:\local git\pandaengine\engine\debug\playercontroller.obj
d:\local git\pandaengine\engine\debug\objloader.obj
d:\local git\pandaengine\engine\debug\objectmanager.obj
d:\local git\pandaengine\engine\debug\mesh.obj
d:\local git\pandaengine\engine\debug\debugcamera.obj
d:\local git\pandaengine\engine\debug\light.obj
d:\local git\pandaengine\engine\debug\main.obj
d:\local git\pandaengine\engine\debug\imgui_widgets.obj
d:\local git\pandaengine\engine\debug\imgui_impl_win32.obj
d:\local git\pandaengine\engine\debug\imgui_impl_dx11.obj
d:\local git\pandaengine\engine\debug\window.obj
d:\local git\pandaengine\engine\debug\vector3d.obj
d:\local git\pandaengine\engine\debug\utlilityclass.obj
d:\local git\pandaengine\engine\debug\transform.obj
d:\local git\pandaengine\engine\debug\torus.obj
d:\local git\pandaengine\engine\debug\panda engine.tlog\cl.command.1.tlog
d:\local git\pandaengine\engine\debug\panda engine.tlog\cl.read.1.tlog
d:\local git\pandaengine\engine\debug\panda engine.tlog\cl.write.1.tlog
d:\local git\pandaengine\engine\debug\panda engine.tlog\link-cvtres.read.1.tlog
d:\local git\pandaengine\engine\debug\panda engine.tlog\link-cvtres.write.1.tlog
d:\local git\pandaengine\engine\debug\panda engine.tlog\link-mt.read.1.tlog
d:\local git\pandaengine\engine\debug\panda engine.tlog\link-mt.write.1.tlog
d:\local git\pandaengine\engine\debug\panda engine.tlog\link-rc.read.1.tlog
d:\local git\pandaengine\engine\debug\panda engine.tlog\link-rc.write.1.tlog
d:\local git\pandaengine\engine\debug\panda engine.tlog\link.1784-cvtres.read.1.tlog
d:\local git\pandaengine\engine\debug\panda engine.tlog\link.1784-cvtres.write.1.tlog
d:\local git\pandaengine\engine\debug\panda engine.tlog\link.1784-mt.read.1.tlog
d:\local git\pandaengine\engine\debug\panda engine.tlog\link.1784-mt.write.1.tlog
d:\local git\pandaengine\engine\debug\panda engine.tlog\link.1784-rc.read.1.tlog
d:\local git\pandaengine\engine\debug\panda engine.tlog\link.1784-rc.write.1.tlog
d:\local git\pandaengine\engine\debug\panda engine.tlog\link.1784.read.1.tlog
d:\local git\pandaengine\engine\debug\panda engine.tlog\link.1784.write.1.tlog
d:\local git\pandaengine\engine\debug\panda engine.tlog\link.command.1.tlog
d:\local git\pandaengine\engine\debug\panda engine.tlog\link.read.1.tlog
d:\local git\pandaengine\engine\debug\panda engine.tlog\link.write.1.tlog
