f:\local git\peboengine\dx11 framework 2018\debug\vc141.pdb
f:\local git\peboengine\dx11 framework 2018\debug\vc141.idb
f:\local git\peboengine\dx11 framework 2018\debug\dx11 framework.obj
f:\local git\peboengine\dx11 framework 2018\debug\application.obj
c:\users\w019134i\desktop\dx11 framework 2018\debug\dx11 framework.exe
c:\users\w019134i\desktop\dx11 framework 2018\debug\dx11 framework.ilk
c:\users\w019134i\desktop\dx11 framework 2018\debug\dx11 framework.pdb
f:\local git\peboengine\dx11 framework 2018\debug\dx11 framework.ilk
f:\local git\peboengine\dx11 framework 2018\debug\dx11 framework.exe
f:\local git\peboengine\dx11 framework 2018\debug\dx11 framework.pdb
f:\local git\peboengine\dx11 framework 2018\debug\dx11 framework.res
f:\local git\peboengine\dx11 framework 2018\debug\vc140.idb
f:\local git\peboengine\dx11 framework 2018\debug\vc142.idb
f:\local git\peboengine\dx11 framework 2018\debug\vc140.pdb
f:\local git\peboengine\dx11 framework 2018\debug\vc142.pdb
f:\local git\peboengine\dx11 framework 2018\debug\dx11 framework.tlog\cl.command.1.tlog
f:\local git\peboengine\dx11 framework 2018\debug\dx11 framework.tlog\cl.read.1.tlog
f:\local git\peboengine\dx11 framework 2018\debug\dx11 framework.tlog\cl.write.1.tlog
f:\local git\peboengine\dx11 framework 2018\debug\dx11 framework.tlog\link.command.1.tlog
f:\local git\peboengine\dx11 framework 2018\debug\dx11 framework.tlog\link.read.1.tlog
f:\local git\peboengine\dx11 framework 2018\debug\dx11 framework.tlog\link.write.1.tlog
f:\local git\peboengine\dx11 framework 2018\debug\dx11 framework.tlog\rc.command.1.tlog
f:\local git\peboengine\dx11 framework 2018\debug\dx11 framework.tlog\rc.read.1.tlog
f:\local git\peboengine\dx11 framework 2018\debug\dx11 framework.tlog\rc.write.1.tlog
