  Application.cpp
C:\Users\w019134i\Documents\GitHub\PeboEngine\Assigment\Source\Application.cpp(239): warning C4316: 'cube': object allocated on the heap may not be aligned 16
C:\Users\w019134i\Documents\GitHub\PeboEngine\Assigment\Source\Application.cpp(240): warning C4316: 'cube': object allocated on the heap may not be aligned 16
C:\Users\w019134i\Documents\GitHub\PeboEngine\Assigment\Source\Application.cpp(241): warning C4316: 'sphere': object allocated on the heap may not be aligned 16
C:\Users\w019134i\Documents\GitHub\PeboEngine\Assigment\Source\Application.cpp(242): warning C4316: 'customModel': object allocated on the heap may not be aligned 16
C:\Users\w019134i\Documents\GitHub\PeboEngine\Assigment\Source\Application.cpp(248): warning C4316: 'customModel': object allocated on the heap may not be aligned 16
C:\Users\w019134i\Documents\GitHub\PeboEngine\Assigment\Source\Application.cpp(251): warning C4316: 'customModel': object allocated on the heap may not be aligned 16
  Cam.cpp
  cameraManager.cpp
  firstPersonCamera.cpp
  GameTimer.cpp
  lightingManager.cpp
  LookAtCam.cpp
  cube.cpp
  customModel.cpp
C:\Users\w019134i\Documents\GitHub\PeboEngine\Assigment\Source\customModel.cpp(32): warning C4100: 'time': unreferenced formal parameter
  cylinder.cpp
  DDSTextureLoader.cpp
  directionalLight.cpp
  DX11 Framework.cpp
  Light.cpp
  debugCamera.cpp
  Mesh.cpp
  OBJLoader.cpp
  saveToFileManager.cpp
  sphere.cpp
  pointLight.cpp
  Generating Code...
  Compiling...
  spotLight.cpp
  staticCamera.cpp
  staticGeneratedCamera.cpp
  torus.cpp
  UtlilityClass.cpp
  Generating Code...
Application.obj : warning LNK4075: ignoring '/EDITANDCONTINUE' due to '/SAFESEH' specification
  DX11 Framework.vcxproj -> C:\Users\w019134i\Documents\GitHub\PeboEngine\Assigment\Source\Debug\DX11 Framework.exe
