f:\local git\peboengine\dx11 framework 2018\debug\vc141.pdb
f:\local git\peboengine\dx11 framework 2018\debug\vc141.idb
f:\local git\peboengine\dx11 framework 2018\debug\dx11 framework.obj
f:\local git\peboengine\dx11 framework 2018\debug\application.obj
f:\local git\peboengine\dx11 engine home\debug\vc141.pdb
f:\local git\peboengine\dx11 engine home\debug\vc141.idb
f:\local git\peboengine\dx11 engine home\debug\system.obj
f:\local git\peboengine\dx11 engine home\debug\main.obj
f:\local git\peboengine\dx11 engine home\debug\input.obj
f:\local git\peboengine\dx11 engine home\debug\graphics.obj
f:\local git\peboengine\dx11 engine home\debug\direct3d.obj
f:\local git\peboengine\dx11 engine home\debug\d3dclass.obj
f:\local git\peboengine\dx11 framework 2018\debug\dx11 framework.ilk
f:\local git\peboengine\dx11 framework 2018\debug\dx11 framework.exe
f:\local git\peboengine\dx11 framework 2018\debug\dx11 framework.pdb
f:\local git\peboengine\dx11 engine home\debug\dx11 framework.exe
f:\local git\peboengine\dx11 engine home\debug\dx11 framework.ilk
f:\local git\peboengine\dx11 engine home\debug\dx11 framework.pdb
f:\local git\peboengine\dx11 framework 2018\debug\dx11 framework.res
f:\local git\peboengine\dx11 engine home\debug\dx11 framework.res
c:\users\w019134i\documents\github\peboengine\dx11 engine home\debug\application.obj
c:\users\w019134i\documents\github\peboengine\dx11 engine home\debug\d3dclass.obj
c:\users\w019134i\documents\github\peboengine\dx11 engine home\debug\direct3d.obj
c:\users\w019134i\documents\github\peboengine\dx11 engine home\debug\dx11 framework.obj
c:\users\w019134i\documents\github\peboengine\dx11 engine home\debug\graphics.obj
c:\users\w019134i\documents\github\peboengine\dx11 engine home\debug\input.obj
c:\users\w019134i\documents\github\peboengine\dx11 engine home\debug\main.obj
c:\users\w019134i\documents\github\peboengine\dx11 engine home\debug\system.obj
c:\users\w019134i\documents\github\peboengine\dx11 engine home\debug\dx11 framework.ilk
c:\users\w019134i\documents\github\peboengine\dx11 engine home\debug\dx11 framework.res
c:\users\w019134i\documents\github\peboengine\dx11 engine home\debug\vc141.idb
c:\users\w019134i\documents\github\peboengine\dx11 engine home\debug\dx11 framework.pdb
c:\users\w019134i\documents\github\peboengine\dx11 engine home\debug\vc141.pdb
c:\users\w019134i\documents\github\peboengine\dx11 engine home\debug\dx11 framework.exe
c:\users\w019134i\documents\github\peboengine\dx11 engine home\debug\dx11 framework.tlog\cl.command.1.tlog
c:\users\w019134i\documents\github\peboengine\dx11 engine home\debug\dx11 framework.tlog\cl.read.1.tlog
c:\users\w019134i\documents\github\peboengine\dx11 engine home\debug\dx11 framework.tlog\cl.write.1.tlog
c:\users\w019134i\documents\github\peboengine\dx11 engine home\debug\dx11 framework.tlog\link.command.1.tlog
c:\users\w019134i\documents\github\peboengine\dx11 engine home\debug\dx11 framework.tlog\link.read.1.tlog
c:\users\w019134i\documents\github\peboengine\dx11 engine home\debug\dx11 framework.tlog\link.write.1.tlog
c:\users\w019134i\documents\github\peboengine\dx11 engine home\debug\dx11 framework.tlog\rc.command.1.tlog
c:\users\w019134i\documents\github\peboengine\dx11 engine home\debug\dx11 framework.tlog\rc.read.1.tlog
c:\users\w019134i\documents\github\peboengine\dx11 engine home\debug\dx11 framework.tlog\rc.write.1.tlog
